Determining if the pthread_create exist failed with the following output:
Change Dir: /home/ubuntu/ros_catkin_ws_rov/build/CMakeFiles/CMakeTmp

Run Build Command:"/usr/bin/make" "cmTC_77484/fast"
/usr/bin/make -f CMakeFiles/cmTC_77484.dir/build.make CMakeFiles/cmTC_77484.dir/build
make[1]: Entering directory '/home/ubuntu/ros_catkin_ws_rov/build/CMakeFiles/CMakeTmp'
Building C object CMakeFiles/cmTC_77484.dir/CheckSymbolExists.c.o
/usr/bin/cc     -o CMakeFiles/cmTC_77484.dir/CheckSymbolExists.c.o   -c /home/ubuntu/ros_catkin_ws_rov/build/CMakeFiles/CMakeTmp/CheckSymbolExists.c
Linking C executable cmTC_77484
/usr/bin/cmake -E cmake_link_script CMakeFiles/cmTC_77484.dir/link.txt --verbose=1
/usr/bin/cc       CMakeFiles/cmTC_77484.dir/CheckSymbolExists.c.o  -o cmTC_77484 -rdynamic 
CMakeFiles/cmTC_77484.dir/CheckSymbolExists.c.o: In function `main':
CheckSymbolExists.c:(.text+0xe): undefined reference to `pthread_create'
CheckSymbolExists.c:(.text+0x12): undefined reference to `pthread_create'
collect2: error: ld returned 1 exit status
CMakeFiles/cmTC_77484.dir/build.make:97: recipe for target 'cmTC_77484' failed
make[1]: *** [cmTC_77484] Error 1
make[1]: Leaving directory '/home/ubuntu/ros_catkin_ws_rov/build/CMakeFiles/CMakeTmp'
Makefile:126: recipe for target 'cmTC_77484/fast' failed
make: *** [cmTC_77484/fast] Error 2

File /home/ubuntu/ros_catkin_ws_rov/build/CMakeFiles/CMakeTmp/CheckSymbolExists.c:
/* */
#include <pthread.h>

int main(int argc, char** argv)
{
  (void)argv;
#ifndef pthread_create
  return ((int*)(&pthread_create))[argc];
#else
  (void)argc;
  return 0;
#endif
}

Determining if the function pthread_create exists in the pthreads failed with the following output:
Change Dir: /home/ubuntu/ros_catkin_ws_rov/build/CMakeFiles/CMakeTmp

Run Build Command:"/usr/bin/make" "cmTC_4f07f/fast"
/usr/bin/make -f CMakeFiles/cmTC_4f07f.dir/build.make CMakeFiles/cmTC_4f07f.dir/build
make[1]: Entering directory '/home/ubuntu/ros_catkin_ws_rov/build/CMakeFiles/CMakeTmp'
Building C object CMakeFiles/cmTC_4f07f.dir/CheckFunctionExists.c.o
/usr/bin/cc    -DCHECK_FUNCTION_EXISTS=pthread_create   -o CMakeFiles/cmTC_4f07f.dir/CheckFunctionExists.c.o   -c /usr/share/cmake-3.5/Modules/CheckFunctionExists.c
Linking C executable cmTC_4f07f
/usr/bin/cmake -E cmake_link_script CMakeFiles/cmTC_4f07f.dir/link.txt --verbose=1
/usr/bin/cc   -DCHECK_FUNCTION_EXISTS=pthread_create    CMakeFiles/cmTC_4f07f.dir/CheckFunctionExists.c.o  -o cmTC_4f07f -rdynamic -lpthreads 
/usr/bin/ld: cannot find -lpthreads
collect2: error: ld returned 1 exit status
CMakeFiles/cmTC_4f07f.dir/build.make:97: recipe for target 'cmTC_4f07f' failed
make[1]: *** [cmTC_4f07f] Error 1
make[1]: Leaving directory '/home/ubuntu/ros_catkin_ws_rov/build/CMakeFiles/CMakeTmp'
Makefile:126: recipe for target 'cmTC_4f07f/fast' failed
make: *** [cmTC_4f07f/fast] Error 2


